<?xml version="1.0" encoding="UTF-8"?>
<!-- Generated by org.testng.reporters.JUnitXMLReporter -->
<testsuite ignored="10" hostname="DESKTOP-K5S59DG" failures="0" tests="6" name="Test" time="218.2" errors="0" timestamp="22 Nov 2023 14:39:20 GMT">
  <testcase classname="com.it.bd.tests.VisitSiteTest" name="visitsiteTest" time="12.983"/>
  <testcase classname="com.it.bd.tests.CategoryTest" name="categoryTest" time="12.397"/>
  <testcase classname="com.it.bd.tests.ViewTest" name="viewTest" time="14.553"/>
  <testcase classname="com.it.bd.tests.ClickOderTest" name="viewTest" time="24.41"/>
  <testcase classname="com.it.bd.tests.CartTest" name="viewTest" time="13.331"/>
  <testcase classname="com.it.bd.tests.CheckOutTest" name="viewTest" time="50.405"/>
  <testcase classname="com.it.bd.basedrivers.BaseDrivers" name="@BeforeSuite startBrowser" time="0.0">
    <ignored/>
  </testcase> <!-- @BeforeSuite startBrowser -->
  <testcase classname="com.it.bd.basedrivers.BaseDrivers" name="@BeforeSuite startBrowser" time="0.0">
    <ignored/>
  </testcase> <!-- @BeforeSuite startBrowser -->
  <testcase classname="com.it.bd.basedrivers.BaseDrivers" name="@BeforeSuite startBrowser" time="0.0">
    <ignored/>
  </testcase> <!-- @BeforeSuite startBrowser -->
  <testcase classname="com.it.bd.basedrivers.BaseDrivers" name="@BeforeSuite startBrowser" time="0.0">
    <ignored/>
  </testcase> <!-- @BeforeSuite startBrowser -->
  <testcase classname="com.it.bd.basedrivers.BaseDrivers" name="@BeforeSuite startBrowser" time="0.0">
    <ignored/>
  </testcase> <!-- @BeforeSuite startBrowser -->
  <testcase classname="com.it.bd.basedrivers.BaseDrivers" name="@AfterSuite close" time="0.0">
    <ignored/>
  </testcase> <!-- @AfterSuite close -->
  <testcase classname="com.it.bd.basedrivers.BaseDrivers" name="@AfterSuite close" time="0.0">
    <ignored/>
  </testcase> <!-- @AfterSuite close -->
  <testcase classname="com.it.bd.basedrivers.BaseDrivers" name="@AfterSuite close" time="0.0">
    <ignored/>
  </testcase> <!-- @AfterSuite close -->
  <testcase classname="com.it.bd.basedrivers.BaseDrivers" name="@AfterSuite close" time="0.0">
    <ignored/>
  </testcase> <!-- @AfterSuite close -->
  <testcase classname="com.it.bd.basedrivers.BaseDrivers" name="@AfterSuite close" time="0.0">
    <ignored/>
  </testcase> <!-- @AfterSuite close -->
</testsuite> <!-- Test -->
